02-15 13:28:09 480 RunContainerPlugin.main() INFO [] - com.github.dapeng.impl.container.DapengContainer业务线程池初始化, 是否使用线程池[coreSize:8]:true
02-15 13:28:09 485 RunContainerPlugin.main() INFO [] - DapengContainer::startup begin
02-15 13:28:09 534 RunContainerPlugin.main() INFO [] - Using default implementation for ThreadExecutor
02-15 13:28:09 539 RunContainerPlugin.main() INFO [] - Job execution threads will use class loader of thread: RunContainerPlugin.main()
02-15 13:28:09 555 RunContainerPlugin.main() INFO [] - Initialized Scheduler Signaller of type: class org.quartz.core.SchedulerSignalerImpl
02-15 13:28:09 556 RunContainerPlugin.main() INFO [] - Quartz Scheduler v.2.2.0 created.
02-15 13:28:09 557 RunContainerPlugin.main() INFO [] - RAMJobStore initialized.
02-15 13:28:09 558 RunContainerPlugin.main() INFO [] - Scheduler meta-data: Quartz Scheduler (v2.2.0) 'DefaultQuartzScheduler' with instanceId 'NON_CLUSTERED'
  Scheduler class: 'org.quartz.core.QuartzScheduler' - running locally.
  NOT STARTED.
  Currently in standby mode.
  Number of jobs executed: 0
  Using thread pool 'org.quartz.simpl.SimpleThreadPool' - with 10 threads.
  Using job-store 'org.quartz.simpl.RAMJobStore' - which does not support persistence. and is not clustered.

02-15 13:28:09 559 RunContainerPlugin.main() INFO [] - Quartz scheduler 'DefaultQuartzScheduler' initialized from default resource file in Quartz package: 'quartz.properties'
02-15 13:28:09 559 RunContainerPlugin.main() INFO [] - Quartz scheduler version: 2.2.0
02-15 13:28:09 665 RunContainerPlugin.main() INFO [] - DapengContainer::registerPlugin plugin[NettyPlugin]
02-15 13:28:09 665 RunContainerPlugin.main() INFO [] - DapengContainer::registerPlugin plugin[ZookeeperRegistryPlugin]
02-15 13:28:09 665 RunContainerPlugin.main() INFO [] - DapengContainer::registerPlugin plugin[SpringBootAppLoader]
02-15 13:28:09 665 RunContainerPlugin.main() INFO [] - DapengContainer::registerPlugin plugin[TaskSchedulePlugin]
02-15 13:28:09 666 RunContainerPlugin.main() INFO [] - DapengContainer::registerPlugin plugin[MbeanAgentPlugin]
02-15 13:28:09 667 RunContainerPlugin.main() INFO [] - DapengContainer::registerPlugin plugin[ApiDocPlugin]
02-15 13:28:09 669 RunContainerPlugin.main() WARN [] - Plugin::NettyPlugin::start
02-15 13:28:09 669 RunContainerPlugin.main() INFO [] - Bind Local Port 9090 [Netty]
02-15 13:28:09 671 RunContainerPlugin.main() INFO [] - ByteBufAllocator:pooled
02-15 13:28:09 674 RunContainerPlugin.main() WARN [] - Plugin::ZookeeperRegistryPlugin::start
02-15 13:28:14 957 RunContainerPlugin.main() INFO [] - Client environment:zookeeper.version=3.4.7-1713338, built on 11/09/2015 04:32 GMT
02-15 13:28:14 957 RunContainerPlugin.main() INFO [] - Client environment:host.name=192.168.1.104
02-15 13:28:14 957 RunContainerPlugin.main() INFO [] - Client environment:java.version=1.8.0_181
02-15 13:28:14 957 RunContainerPlugin.main() INFO [] - Client environment:java.vendor=Oracle Corporation
02-15 13:28:14 958 RunContainerPlugin.main() INFO [] - Client environment:java.home=/Library/Java/JavaVirtualMachines/jdk1.8.0_181.jdk/Contents/Home/jre
02-15 13:28:14 958 RunContainerPlugin.main() INFO [] - Client environment:java.class.path=/Applications/IntelliJ IDEA 2.app/Contents/plugins/maven/lib/maven3/boot/plexus-classworlds-2.6.0.jar:/Applications/IntelliJ IDEA 2.app/Contents/lib/idea_rt.jar:/Users/maple/Library/Caches/IntelliJIdea2019.3/captureAgent/debugger-agent.jar
02-15 13:28:14 958 RunContainerPlugin.main() INFO [] - Client environment:java.library.path=/Users/maple/Library/Java/Extensions:/Library/Java/Extensions:/Network/Library/Java/Extensions:/System/Library/Java/Extensions:/usr/lib/java:.
02-15 13:28:14 959 RunContainerPlugin.main() INFO [] - Client environment:java.io.tmpdir=/var/folders/b3/3qln3fjx61v26zql8r7sdhg00000gn/T/
02-15 13:28:14 959 RunContainerPlugin.main() INFO [] - Client environment:java.compiler=<NA>
02-15 13:28:14 959 RunContainerPlugin.main() INFO [] - Client environment:os.name=Mac OS X
02-15 13:28:14 959 RunContainerPlugin.main() INFO [] - Client environment:os.arch=x86_64
02-15 13:28:14 959 RunContainerPlugin.main() INFO [] - Client environment:os.version=10.15.3
02-15 13:28:14 959 RunContainerPlugin.main() INFO [] - Client environment:user.name=maple
02-15 13:28:14 959 RunContainerPlugin.main() INFO [] - Client environment:user.home=/Users/maple
02-15 13:28:14 959 RunContainerPlugin.main() INFO [] - Client environment:user.dir=/Users/maple/developer/today/dapeng/dapeng-soa/dapeng-springboot-project/dapeng-springboot-demo/hello-springboot-provider
02-15 13:28:14 972 RunContainerPlugin.main() INFO [] - Initiating client connection, connectString=127.0.0.1:2181 sessionTimeout=30000 watcher=com.github.dapeng.registry.zookeeper.ServerZk$$Lambda$14/1695460425@7c38710d
02-15 13:28:14 996 RunContainerPlugin.main(127.0.0.1:2181) INFO [] - Opening socket connection to server 127.0.0.1/127.0.0.1:2181. Will not attempt to authenticate using SASL (unknown error)
02-15 13:28:15 018 RunContainerPlugin.main(127.0.0.1:2181) INFO [] - Socket connection established to 127.0.0.1/127.0.0.1:2181, initiating session
02-15 13:28:15 040 RunContainerPlugin.main(127.0.0.1:2181) INFO [] - Session establishment complete on server 127.0.0.1/127.0.0.1:2181, sessionid = 0x100001d63c9007e, negotiated timeout = 30000
02-15 13:28:15 041 RunContainerPlugin.main()-EventThread WARN [] - ServerZk::connect zkEvent:WatchedEvent state:SyncConnected type:None path:null
02-15 13:28:15 044 RunContainerPlugin.main() WARN [] - Plugin::SpringBootAppLoader::start
02-15 13:28:15 091 RunContainerPlugin.main()-EventThread INFO [] - class com.github.dapeng.registry.zookeeper.ZkUtils::createPersistNodeOnly failed,KeeperErrorCode = NodeExists for /soa/runtime/services
02-15 13:28:15 096 RunContainerPlugin.main()-EventThread INFO [] - class com.github.dapeng.registry.zookeeper.ZkUtils::createPersistNodeOnly failed,KeeperErrorCode = NodeExists for /soa/config/services
02-15 13:28:15 104 RunContainerPlugin.main()-EventThread INFO [] - class com.github.dapeng.registry.zookeeper.ZkUtils::createPersistNodeOnly failed,KeeperErrorCode = NodeExists for /soa/config/routes
02-15 13:28:15 109 RunContainerPlugin.main()-EventThread INFO [] - class com.github.dapeng.registry.zookeeper.ZkUtils::createPersistNodeOnly failed,KeeperErrorCode = NodeExists for /soa/config/cookies
02-15 13:28:15 120 RunContainerPlugin.main()-EventThread INFO [] - class com.github.dapeng.registry.zookeeper.ZkUtils::createPersistNodeOnly failed,KeeperErrorCode = NodeExists for /soa/config/freq
02-15 13:28:15 120 RunContainerPlugin.main()-EventThread INFO [] - ServerZk connected to  127.0.0.1:2181 [Zookeeper]
02-15 13:28:20 791 RunContainerPlugin.main() INFO [] - Got SpringBoot app: org.springframework.boot.web.servlet.context.AnnotationConfigServletWebServerApplicationContext@6427e8a6, started on Sat Feb 15 13:28:17 CST 2020
02-15 13:28:20 931 RunContainerPlugin.main() INFO [] - com.dapeng.example.hello.service.HelloService:1.0.0:sayHello2 ; maxProcessTime:3000 
02-15 13:28:20 932 RunContainerPlugin.main() INFO [] - com.dapeng.example.hello.service.HelloService:1.0.0:sayHello ; maxProcessTime:3000 
02-15 13:28:20 943 RunContainerPlugin.main() INFO [] - init Slf4j OK
02-15 13:28:20 946 RunContainerPlugin.main() INFO [] -  start to boot app
02-15 13:28:20 953 RunContainerPlugin.main() INFO [] - DapengContainer::registerApplication application[DapengApplication]
02-15 13:28:20 956 RunContainerPlugin.main() INFO [] - ZookeeperRegistryPlugin::appRegistered AppEvent[com.github.dapeng.impl.container.DapengApplication@7ec73ae2]
02-15 13:28:20 962 RunContainerPlugin.main() INFO [] - ZookeeperRegistryPlugin::appRegistered [serviceName:com.dapeng.example.hello.service.HelloService, version:1.0.0]
02-15 13:28:20 982 RunContainerPlugin.main() INFO [] - class com.github.dapeng.registry.zookeeper.ZkUtils::createPersistNodeOnly failed,KeeperErrorCode = NodeExists for /soa/runtime/services/com.dapeng.example.hello.service.HelloService
02-15 13:28:21 013 RunContainerPlugin.main() INFO [] - serviceInfo firstNode 192.168.1.104:9090:1.0.0:0000000034
02-15 13:28:21 013 RunContainerPlugin.main() INFO [] - (com.dapeng.example.hello.service.HelloService:1.0.0)竞选master成功, master(192.168.1.104:9090)
02-15 13:28:21 021 RunContainerPlugin.main() INFO [] - class com.github.dapeng.registry.zookeeper.ZkUtils::createPersistNodeOnly failed,KeeperErrorCode = NodeExists for /soa/config/services/com.dapeng.example.hello.service.HelloService
02-15 13:28:21 025 RunContainerPlugin.main() INFO [] - class com.github.dapeng.registry.zookeeper.ZkUtils::createPersistNodeOnly failed,KeeperErrorCode = NodeExists for /soa/config/routes/com.dapeng.example.hello.service.HelloService
02-15 13:28:21 031 RunContainerPlugin.main() INFO [] - class com.github.dapeng.registry.zookeeper.ZkUtils::createPersistNodeOnly failed,KeeperErrorCode = NodeExists for /soa/config/cookies/com.dapeng.example.hello.service.HelloService
02-15 13:28:21 037 RunContainerPlugin.main() INFO [] - class com.github.dapeng.registry.zookeeper.ZkUtils::createPersistNodeOnly failed,KeeperErrorCode = NodeExists for /soa/config/freq/com.dapeng.example.hello.service.HelloService
02-15 13:28:21 038 RunContainerPlugin.main() INFO [] - NettyPlugin::appRegistered event:[com.github.dapeng.impl.container.DapengApplication@7ec73ae2]
02-15 13:28:21 040 RunContainerPlugin.main() INFO [] - ApiDocPlugin::appRegistered event:[com.github.dapeng.impl.container.DapengApplication@7ec73ae2]
02-15 13:28:21 040 RunContainerPlugin.main() INFO [] -  ------------ SpringClassLoader: [com.github.dapeng.impl.container.DapengApplication@7ec73ae2]
02-15 13:28:21 045 RunContainerPlugin.main() INFO [] - Scheduler DefaultQuartzScheduler_$_NON_CLUSTERED started.
02-15 13:28:21 049 RunContainerPlugin.main() INFO [] - ::registerMBean dapengContainerMBean success
02-15 13:28:21 050 RunContainerPlugin.main() INFO [] - ::current service basicInfo: [Dapeng Mbean] Dapeng ContainerVersion == [ 2.1.1 ]
Current Services Info == [ 
1. com.dapeng.example.hello.service.HelloService:1.0.0@service-com.github.dapeng.demo.service.HelloServiceImpl

 ]
02-15 13:28:21 095 RunContainerPlugin.main() WARN [] - Plugin::ApiDocPlugin::start
02-15 13:28:21 114 RunContainerPlugin.main() INFO [] - DapengContainer::registerFilter filter[LogFilter]
02-15 13:28:21 117 RunContainerPlugin.main() INFO [] - DapengContainer::registerFilter filter[SlowServiceCheckFilter]
02-15 13:28:21 119 RunContainerPlugin.main() WARN [] - DapengContainer::startup end
02-15 13:28:21 132 api-doc-thread INFO [] - Logging initialized @29496ms
02-15 13:28:21 264 api-doc-thread INFO [] - jetty-9.3.7.v20160115
02-15 13:28:21 425 api-doc-thread INFO [] - Initializing Spring root WebApplicationContext
02-15 13:28:21 434 api-doc-thread INFO [] - Root WebApplicationContext: initialization started
02-15 13:28:23 169 api-doc-thread INFO [] - HV000001: Hibernate Validator 6.0.17.Final
02-15 13:28:30 337 api-doc-thread INFO [] - Initiating client connection, connectString=127.0.0.1:2181 sessionTimeout=30000 watcher=com.github.dapeng.registry.zookeeper.ClientZkAgent$$Lambda$509/201566365@44aeb103
02-15 13:28:30 340 api-doc-thread-SendThread(127.0.0.1:2181) INFO [] - Opening socket connection to server 127.0.0.1/127.0.0.1:2181. Will not attempt to authenticate using SASL (unknown error)
02-15 13:28:30 341 api-doc-thread-SendThread(127.0.0.1:2181) INFO [] - Socket connection established to 127.0.0.1/127.0.0.1:2181, initiating session
02-15 13:28:30 351 api-doc-thread-SendThread(127.0.0.1:2181) INFO [] - Session establishment complete on server 127.0.0.1/127.0.0.1:2181, sessionid = 0x100001d63c9007f, negotiated timeout = 30000
02-15 13:28:30 351 api-doc-thread-EventThread INFO [] - ClientZk::connect zkEvent:WatchedEvent state:SyncConnected type:None path:null
02-15 13:28:30 352 api-doc-thread-EventThread INFO [] - Client's host: 127.0.0.1:2181  已连接 zookeeper Server
02-15 13:28:30 357 api-doc-thread INFO [] - ClientZkAgent::syncServiceZkInfo[serviceName:com.dapeng.example.hello.service.HelloService], runtimeInstants:0
02-15 13:28:30 363 api-doc-thread INFO [] - ClientZkAgent::syncZkRuntimeInfo[com.dapeng.example.hello.service.HelloService], 获取/soa/runtime/services/com.dapeng.example.hello.service.HelloService的子节点成功
02-15 13:28:30 364 api-doc-thread INFO [] - ClientZk::syncZkRuntimeInfo 触发服务实例同步，目前服务实例列表: com.dapeng.example.hello.service.HelloService -> [IP:【192.168.1.104:9090】]
02-15 13:28:30 364 api-doc-thread WARN [] - ClientZKAgent::syncZkRouteInfo service:com.dapeng.example.hello.service.HelloService
02-15 13:28:30 380 api-doc-thread WARN [] - current service hava no route express config
02-15 13:28:30 380 api-doc-thread WARN [] - ClientZk::getRoutes routes changes:[]
02-15 13:28:30 386 api-doc-thread INFO [] - get global config from com.dapeng.example.hello.service.HelloService with data []
02-15 13:28:30 389 api-doc-thread INFO [] - get  config from com.dapeng.example.hello.service.HelloService with data []
02-15 13:28:30 389 api-doc-thread WARN [] - ClientZKAgent::syncZkCookieRuleInfo service:com.dapeng.example.hello.service.HelloService
02-15 13:28:30 394 api-doc-thread WARN [] - current service hava no route express config
02-15 13:28:30 395 api-doc-thread WARN [] - ClientZk::syncZkCookieRuleInfo rules changes:[]
02-15 13:28:30 395 api-doc-thread INFO [] - ClientZkAgent::syncServiceZkInfo[serviceName:com.dapeng.example.hello.service.HelloService]:zkInfo succeed, runtimeInstants:1
02-15 13:29:00 463 api-doc-thread ERROR [] - connect to 192.168.1.104:9090 failed
02-15 13:29:00 471 api-doc-thread INFO [f23b0168dc854e2b] - LogFilter::onEntry,request[seqId:0, server:192.168.1.104:9090]:service[com.dapeng.example.hello.service.HelloService]:version[1.0.0]:method[getServiceMetadata]
02-15 13:29:30 544 api-doc-thread ERROR [f23b0168dc854e2b] - Err-Core-406:连接失败
com.github.dapeng.core.SoaException: Err-Core-406:连接失败
	at com.github.dapeng.client.netty.SoaBaseConnection.connect(SoaBaseConnection.java:391) ~[dapeng-client-netty-2.2.0-SNAPSHOT.jar:na]
	at com.github.dapeng.client.netty.SoaBaseConnection.checkChannel(SoaBaseConnection.java:397) ~[dapeng-client-netty-2.2.0-SNAPSHOT.jar:na]
	at com.github.dapeng.client.netty.SoaBaseConnection.access$100(SoaBaseConnection.java:46) ~[dapeng-client-netty-2.2.0-SNAPSHOT.jar:na]
	at com.github.dapeng.client.netty.SoaBaseConnection$1.onEntry(SoaBaseConnection.java:98) ~[dapeng-client-netty-2.2.0-SNAPSHOT.jar:na]
	at com.github.dapeng.core.filter.SharedChain.onEntry(SharedChain.java:64) ~[dapeng-core-2.2.0-SNAPSHOT.jar:na]
	at com.github.dapeng.client.filter.LogFilter.onEntry(LogFilter.java:76) ~[dapeng-client-netty-2.2.0-SNAPSHOT.jar:na]
	at com.github.dapeng.core.filter.SharedChain.onEntry(SharedChain.java:62) ~[dapeng-core-2.2.0-SNAPSHOT.jar:na]
	at com.github.dapeng.client.netty.SoaBaseConnection$2.onEntry(SoaBaseConnection.java:125) ~[dapeng-client-netty-2.2.0-SNAPSHOT.jar:na]
	at com.github.dapeng.core.filter.SharedChain.onEntry(SharedChain.java:60) ~[dapeng-core-2.2.0-SNAPSHOT.jar:na]
	at com.github.dapeng.client.netty.SoaBaseConnection.send(SoaBaseConnection.java:146) ~[dapeng-client-netty-2.2.0-SNAPSHOT.jar:na]
	at com.github.dapeng.client.netty.SoaConnectionPoolImpl.send(SoaConnectionPoolImpl.java:104) ~[dapeng-client-netty-2.2.0-SNAPSHOT.jar:na]
	at com.github.dapeng.metadata.MetadataClient.getServiceMetadata(MetadataClient.java:57) ~[dapeng-client-netty-2.2.0-SNAPSHOT.jar:na]
	at com.github.dapeng.doc.cache.ServiceCache.lambda$loadServices$1(ServiceCache.java:82) ~[dapeng-api-doc-2.2.0-SNAPSHOT.jar:na]
	at java.util.ArrayList.forEach(ArrayList.java:1257) ~[na:1.8.0_181]
	at java.util.Collections$UnmodifiableCollection.forEach(Collections.java:1080) ~[na:1.8.0_181]
	at com.github.dapeng.doc.cache.ServiceCache.loadServices(ServiceCache.java:75) ~[dapeng-api-doc-2.2.0-SNAPSHOT.jar:na]
	at com.github.dapeng.doc.cache.ServiceCache.lambda$init$0(ServiceCache.java:62) ~[dapeng-api-doc-2.2.0-SNAPSHOT.jar:na]
	at java.util.Vector.forEach(Vector.java:1275) ~[na:1.8.0_181]
	at com.github.dapeng.doc.cache.ServiceCache.init(ServiceCache.java:62) ~[dapeng-api-doc-2.2.0-SNAPSHOT.jar:na]
	at sun.reflect.NativeMethodAccessorImpl.invoke0(Native Method) ~[na:1.8.0_181]
	at sun.reflect.NativeMethodAccessorImpl.invoke(NativeMethodAccessorImpl.java:62) ~[na:1.8.0_181]
	at sun.reflect.DelegatingMethodAccessorImpl.invoke(DelegatingMethodAccessorImpl.java:43) ~[na:1.8.0_181]
	at java.lang.reflect.Method.invoke(Method.java:498) ~[na:1.8.0_181]
	at org.springframework.beans.factory.support.AbstractAutowireCapableBeanFactory.invokeCustomInitMethod(AbstractAutowireCapableBeanFactory.java:1904) ~[spring-beans-5.1.9.RELEASE.jar:5.1.9.RELEASE]
	at org.springframework.beans.factory.support.AbstractAutowireCapableBeanFactory.invokeInitMethods(AbstractAutowireCapableBeanFactory.java:1846) ~[spring-beans-5.1.9.RELEASE.jar:5.1.9.RELEASE]
	at org.springframework.beans.factory.support.AbstractAutowireCapableBeanFactory.initializeBean(AbstractAutowireCapableBeanFactory.java:1774) ~[spring-beans-5.1.9.RELEASE.jar:5.1.9.RELEASE]
	at org.springframework.beans.factory.support.AbstractAutowireCapableBeanFactory.doCreateBean(AbstractAutowireCapableBeanFactory.java:593) ~[spring-beans-5.1.9.RELEASE.jar:5.1.9.RELEASE]
	at org.springframework.beans.factory.support.AbstractAutowireCapableBeanFactory.createBean(AbstractAutowireCapableBeanFactory.java:515) ~[spring-beans-5.1.9.RELEASE.jar:5.1.9.RELEASE]
	at org.springframework.beans.factory.support.AbstractBeanFactory.lambda$doGetBean$0(AbstractBeanFactory.java:320) ~[spring-beans-5.1.9.RELEASE.jar:5.1.9.RELEASE]
	at org.springframework.beans.factory.support.DefaultSingletonBeanRegistry.getSingleton(DefaultSingletonBeanRegistry.java:222) ~[spring-beans-5.1.9.RELEASE.jar:5.1.9.RELEASE]
	at org.springframework.beans.factory.support.AbstractBeanFactory.doGetBean(AbstractBeanFactory.java:318) ~[spring-beans-5.1.9.RELEASE.jar:5.1.9.RELEASE]
	at org.springframework.beans.factory.support.AbstractBeanFactory.getBean(AbstractBeanFactory.java:199) ~[spring-beans-5.1.9.RELEASE.jar:5.1.9.RELEASE]
	at org.springframework.beans.factory.config.DependencyDescriptor.resolveCandidate(DependencyDescriptor.java:277) ~[spring-beans-5.1.9.RELEASE.jar:5.1.9.RELEASE]
	at org.springframework.beans.factory.support.DefaultListableBeanFactory.doResolveDependency(DefaultListableBeanFactory.java:1251) ~[spring-beans-5.1.9.RELEASE.jar:5.1.9.RELEASE]
	at org.springframework.beans.factory.support.DefaultListableBeanFactory.resolveDependency(DefaultListableBeanFactory.java:1171) ~[spring-beans-5.1.9.RELEASE.jar:5.1.9.RELEASE]
	at org.springframework.beans.factory.annotation.AutowiredAnnotationBeanPostProcessor$AutowiredFieldElement.inject(AutowiredAnnotationBeanPostProcessor.java:593) ~[spring-beans-5.1.9.RELEASE.jar:5.1.9.RELEASE]
	at org.springframework.beans.factory.annotation.InjectionMetadata.inject(InjectionMetadata.java:90) ~[spring-beans-5.1.9.RELEASE.jar:5.1.9.RELEASE]
	at org.springframework.beans.factory.annotation.AutowiredAnnotationBeanPostProcessor.postProcessProperties(AutowiredAnnotationBeanPostProcessor.java:374) ~[spring-beans-5.1.9.RELEASE.jar:5.1.9.RELEASE]
	at org.springframework.beans.factory.support.AbstractAutowireCapableBeanFactory.populateBean(AbstractAutowireCapableBeanFactory.java:1411) ~[spring-beans-5.1.9.RELEASE.jar:5.1.9.RELEASE]
	at org.springframework.beans.factory.support.AbstractAutowireCapableBeanFactory.doCreateBean(AbstractAutowireCapableBeanFactory.java:592) ~[spring-beans-5.1.9.RELEASE.jar:5.1.9.RELEASE]
	at org.springframework.beans.factory.support.AbstractAutowireCapableBeanFactory.createBean(AbstractAutowireCapableBeanFactory.java:515) ~[spring-beans-5.1.9.RELEASE.jar:5.1.9.RELEASE]
	at org.springframework.beans.factory.support.AbstractBeanFactory.lambda$doGetBean$0(AbstractBeanFactory.java:320) ~[spring-beans-5.1.9.RELEASE.jar:5.1.9.RELEASE]
	at org.springframework.beans.factory.support.DefaultSingletonBeanRegistry.getSingleton(DefaultSingletonBeanRegistry.java:222) ~[spring-beans-5.1.9.RELEASE.jar:5.1.9.RELEASE]
	at org.springframework.beans.factory.support.AbstractBeanFactory.doGetBean(AbstractBeanFactory.java:318) ~[spring-beans-5.1.9.RELEASE.jar:5.1.9.RELEASE]
	at org.springframework.beans.factory.support.AbstractBeanFactory.getBean(AbstractBeanFactory.java:199) ~[spring-beans-5.1.9.RELEASE.jar:5.1.9.RELEASE]
	at org.springframework.beans.factory.support.DefaultListableBeanFactory.preInstantiateSingletons(DefaultListableBeanFactory.java:845) ~[spring-beans-5.1.9.RELEASE.jar:5.1.9.RELEASE]
	at org.springframework.context.support.AbstractApplicationContext.finishBeanFactoryInitialization(AbstractApplicationContext.java:877) ~[spring-context-5.1.9.RELEASE.jar:5.1.9.RELEASE]
	at org.springframework.context.support.AbstractApplicationContext.refresh(AbstractApplicationContext.java:549) ~[spring-context-5.1.9.RELEASE.jar:5.1.9.RELEASE]
	at org.springframework.web.context.ContextLoader.configureAndRefreshWebApplicationContext(ContextLoader.java:400) ~[spring-web-5.1.9.RELEASE.jar:5.1.9.RELEASE]
	at org.springframework.web.context.ContextLoader.initWebApplicationContext(ContextLoader.java:291) ~[spring-web-5.1.9.RELEASE.jar:5.1.9.RELEASE]
	at org.springframework.web.context.ContextLoaderListener.contextInitialized(ContextLoaderListener.java:103) ~[spring-web-5.1.9.RELEASE.jar:5.1.9.RELEASE]
	at org.eclipse.jetty.server.handler.ContextHandler.callContextInitialized(ContextHandler.java:835) ~[jetty-server-9.3.7.v20160115.jar:9.3.7.v20160115]
	at org.eclipse.jetty.servlet.ServletContextHandler.callContextInitialized(ServletContextHandler.java:534) ~[jetty-servlet-9.3.7.v20160115.jar:9.3.7.v20160115]
	at org.eclipse.jetty.server.handler.ContextHandler.startContext(ContextHandler.java:808) ~[jetty-server-9.3.7.v20160115.jar:9.3.7.v20160115]
	at org.eclipse.jetty.servlet.ServletContextHandler.startContext(ServletContextHandler.java:346) ~[jetty-servlet-9.3.7.v20160115.jar:9.3.7.v20160115]
	at org.eclipse.jetty.webapp.WebAppContext.startWebapp(WebAppContext.java:1379) ~[jetty-webapp-9.3.7.v20160115.jar:9.3.7.v20160115]
	at org.eclipse.jetty.webapp.WebAppContext.startContext(WebAppContext.java:1341) ~[jetty-webapp-9.3.7.v20160115.jar:9.3.7.v20160115]
	at org.eclipse.jetty.server.handler.ContextHandler.doStart(ContextHandler.java:772) ~[jetty-server-9.3.7.v20160115.jar:9.3.7.v20160115]
	at org.eclipse.jetty.servlet.ServletContextHandler.doStart(ServletContextHandler.java:263) ~[jetty-servlet-9.3.7.v20160115.jar:9.3.7.v20160115]
	at org.eclipse.jetty.webapp.WebAppContext.doStart(WebAppContext.java:517) ~[jetty-webapp-9.3.7.v20160115.jar:9.3.7.v20160115]
	at org.eclipse.jetty.util.component.AbstractLifeCycle.start(AbstractLifeCycle.java:68) ~[jetty-util-9.3.7.v20160115.jar:9.3.7.v20160115]
	at org.eclipse.jetty.util.component.ContainerLifeCycle.start(ContainerLifeCycle.java:132) ~[jetty-util-9.3.7.v20160115.jar:9.3.7.v20160115]
	at org.eclipse.jetty.server.Server.start(Server.java:405) ~[jetty-server-9.3.7.v20160115.jar:9.3.7.v20160115]
	at org.eclipse.jetty.util.component.ContainerLifeCycle.doStart(ContainerLifeCycle.java:106) ~[jetty-util-9.3.7.v20160115.jar:9.3.7.v20160115]
	at org.eclipse.jetty.server.handler.AbstractHandler.doStart(AbstractHandler.java:61) ~[jetty-server-9.3.7.v20160115.jar:9.3.7.v20160115]
	at org.eclipse.jetty.server.Server.doStart(Server.java:372) ~[jetty-server-9.3.7.v20160115.jar:9.3.7.v20160115]
	at org.eclipse.jetty.util.component.AbstractLifeCycle.start(AbstractLifeCycle.java:68) ~[jetty-util-9.3.7.v20160115.jar:9.3.7.v20160115]
	at com.github.dapeng.impl.plugins.ApiDocPlugin$1.run(ApiDocPlugin.java:68) ~[dapeng-container-impl-2.2.0-SNAPSHOT.jar:na]
02-15 13:29:30 809 api-doc-thread ERROR [f23b0168dc854e2b] - 生成SERVICE[com.dapeng.example.hello.service.HelloService]出错, metaData:

javax.xml.bind.DataBindingException: javax.xml.bind.UnmarshalException
 - with linked exception:
[org.xml.sax.SAXParseException; lineNumber: 1; columnNumber: 1; 文件提前结束。]
	at javax.xml.bind.JAXB.unmarshal(JAXB.java:245) ~[na:1.8.0_181]
	at com.github.dapeng.doc.cache.ServiceCache.lambda$loadServices$1(ServiceCache.java:91) ~[dapeng-api-doc-2.2.0-SNAPSHOT.jar:na]
	at java.util.ArrayList.forEach(ArrayList.java:1257) ~[na:1.8.0_181]
	at java.util.Collections$UnmodifiableCollection.forEach(Collections.java:1080) ~[na:1.8.0_181]
	at com.github.dapeng.doc.cache.ServiceCache.loadServices(ServiceCache.java:75) ~[dapeng-api-doc-2.2.0-SNAPSHOT.jar:na]
	at com.github.dapeng.doc.cache.ServiceCache.lambda$init$0(ServiceCache.java:62) ~[dapeng-api-doc-2.2.0-SNAPSHOT.jar:na]
	at java.util.Vector.forEach(Vector.java:1275) ~[na:1.8.0_181]
	at com.github.dapeng.doc.cache.ServiceCache.init(ServiceCache.java:62) ~[dapeng-api-doc-2.2.0-SNAPSHOT.jar:na]
	at sun.reflect.NativeMethodAccessorImpl.invoke0(Native Method) ~[na:1.8.0_181]
	at sun.reflect.NativeMethodAccessorImpl.invoke(NativeMethodAccessorImpl.java:62) ~[na:1.8.0_181]
	at sun.reflect.DelegatingMethodAccessorImpl.invoke(DelegatingMethodAccessorImpl.java:43) ~[na:1.8.0_181]
	at java.lang.reflect.Method.invoke(Method.java:498) ~[na:1.8.0_181]
	at org.springframework.beans.factory.support.AbstractAutowireCapableBeanFactory.invokeCustomInitMethod(AbstractAutowireCapableBeanFactory.java:1904) ~[spring-beans-5.1.9.RELEASE.jar:5.1.9.RELEASE]
	at org.springframework.beans.factory.support.AbstractAutowireCapableBeanFactory.invokeInitMethods(AbstractAutowireCapableBeanFactory.java:1846) ~[spring-beans-5.1.9.RELEASE.jar:5.1.9.RELEASE]
	at org.springframework.beans.factory.support.AbstractAutowireCapableBeanFactory.initializeBean(AbstractAutowireCapableBeanFactory.java:1774) ~[spring-beans-5.1.9.RELEASE.jar:5.1.9.RELEASE]
	at org.springframework.beans.factory.support.AbstractAutowireCapableBeanFactory.doCreateBean(AbstractAutowireCapableBeanFactory.java:593) ~[spring-beans-5.1.9.RELEASE.jar:5.1.9.RELEASE]
	at org.springframework.beans.factory.support.AbstractAutowireCapableBeanFactory.createBean(AbstractAutowireCapableBeanFactory.java:515) ~[spring-beans-5.1.9.RELEASE.jar:5.1.9.RELEASE]
	at org.springframework.beans.factory.support.AbstractBeanFactory.lambda$doGetBean$0(AbstractBeanFactory.java:320) ~[spring-beans-5.1.9.RELEASE.jar:5.1.9.RELEASE]
	at org.springframework.beans.factory.support.DefaultSingletonBeanRegistry.getSingleton(DefaultSingletonBeanRegistry.java:222) ~[spring-beans-5.1.9.RELEASE.jar:5.1.9.RELEASE]
	at org.springframework.beans.factory.support.AbstractBeanFactory.doGetBean(AbstractBeanFactory.java:318) ~[spring-beans-5.1.9.RELEASE.jar:5.1.9.RELEASE]
	at org.springframework.beans.factory.support.AbstractBeanFactory.getBean(AbstractBeanFactory.java:199) ~[spring-beans-5.1.9.RELEASE.jar:5.1.9.RELEASE]
	at org.springframework.beans.factory.config.DependencyDescriptor.resolveCandidate(DependencyDescriptor.java:277) ~[spring-beans-5.1.9.RELEASE.jar:5.1.9.RELEASE]
	at org.springframework.beans.factory.support.DefaultListableBeanFactory.doResolveDependency(DefaultListableBeanFactory.java:1251) ~[spring-beans-5.1.9.RELEASE.jar:5.1.9.RELEASE]
	at org.springframework.beans.factory.support.DefaultListableBeanFactory.resolveDependency(DefaultListableBeanFactory.java:1171) ~[spring-beans-5.1.9.RELEASE.jar:5.1.9.RELEASE]
	at org.springframework.beans.factory.annotation.AutowiredAnnotationBeanPostProcessor$AutowiredFieldElement.inject(AutowiredAnnotationBeanPostProcessor.java:593) ~[spring-beans-5.1.9.RELEASE.jar:5.1.9.RELEASE]
	at org.springframework.beans.factory.annotation.InjectionMetadata.inject(InjectionMetadata.java:90) ~[spring-beans-5.1.9.RELEASE.jar:5.1.9.RELEASE]
	at org.springframework.beans.factory.annotation.AutowiredAnnotationBeanPostProcessor.postProcessProperties(AutowiredAnnotationBeanPostProcessor.java:374) ~[spring-beans-5.1.9.RELEASE.jar:5.1.9.RELEASE]
	at org.springframework.beans.factory.support.AbstractAutowireCapableBeanFactory.populateBean(AbstractAutowireCapableBeanFactory.java:1411) ~[spring-beans-5.1.9.RELEASE.jar:5.1.9.RELEASE]
	at org.springframework.beans.factory.support.AbstractAutowireCapableBeanFactory.doCreateBean(AbstractAutowireCapableBeanFactory.java:592) ~[spring-beans-5.1.9.RELEASE.jar:5.1.9.RELEASE]
	at org.springframework.beans.factory.support.AbstractAutowireCapableBeanFactory.createBean(AbstractAutowireCapableBeanFactory.java:515) ~[spring-beans-5.1.9.RELEASE.jar:5.1.9.RELEASE]
	at org.springframework.beans.factory.support.AbstractBeanFactory.lambda$doGetBean$0(AbstractBeanFactory.java:320) ~[spring-beans-5.1.9.RELEASE.jar:5.1.9.RELEASE]
	at org.springframework.beans.factory.support.DefaultSingletonBeanRegistry.getSingleton(DefaultSingletonBeanRegistry.java:222) ~[spring-beans-5.1.9.RELEASE.jar:5.1.9.RELEASE]
	at org.springframework.beans.factory.support.AbstractBeanFactory.doGetBean(AbstractBeanFactory.java:318) ~[spring-beans-5.1.9.RELEASE.jar:5.1.9.RELEASE]
	at org.springframework.beans.factory.support.AbstractBeanFactory.getBean(AbstractBeanFactory.java:199) ~[spring-beans-5.1.9.RELEASE.jar:5.1.9.RELEASE]
	at org.springframework.beans.factory.support.DefaultListableBeanFactory.preInstantiateSingletons(DefaultListableBeanFactory.java:845) ~[spring-beans-5.1.9.RELEASE.jar:5.1.9.RELEASE]
	at org.springframework.context.support.AbstractApplicationContext.finishBeanFactoryInitialization(AbstractApplicationContext.java:877) ~[spring-context-5.1.9.RELEASE.jar:5.1.9.RELEASE]
	at org.springframework.context.support.AbstractApplicationContext.refresh(AbstractApplicationContext.java:549) ~[spring-context-5.1.9.RELEASE.jar:5.1.9.RELEASE]
	at org.springframework.web.context.ContextLoader.configureAndRefreshWebApplicationContext(ContextLoader.java:400) ~[spring-web-5.1.9.RELEASE.jar:5.1.9.RELEASE]
	at org.springframework.web.context.ContextLoader.initWebApplicationContext(ContextLoader.java:291) ~[spring-web-5.1.9.RELEASE.jar:5.1.9.RELEASE]
	at org.springframework.web.context.ContextLoaderListener.contextInitialized(ContextLoaderListener.java:103) ~[spring-web-5.1.9.RELEASE.jar:5.1.9.RELEASE]
	at org.eclipse.jetty.server.handler.ContextHandler.callContextInitialized(ContextHandler.java:835) ~[jetty-server-9.3.7.v20160115.jar:9.3.7.v20160115]
	at org.eclipse.jetty.servlet.ServletContextHandler.callContextInitialized(ServletContextHandler.java:534) ~[jetty-servlet-9.3.7.v20160115.jar:9.3.7.v20160115]
	at org.eclipse.jetty.server.handler.ContextHandler.startContext(ContextHandler.java:808) ~[jetty-server-9.3.7.v20160115.jar:9.3.7.v20160115]
	at org.eclipse.jetty.servlet.ServletContextHandler.startContext(ServletContextHandler.java:346) ~[jetty-servlet-9.3.7.v20160115.jar:9.3.7.v20160115]
	at org.eclipse.jetty.webapp.WebAppContext.startWebapp(WebAppContext.java:1379) ~[jetty-webapp-9.3.7.v20160115.jar:9.3.7.v20160115]
	at org.eclipse.jetty.webapp.WebAppContext.startContext(WebAppContext.java:1341) ~[jetty-webapp-9.3.7.v20160115.jar:9.3.7.v20160115]
	at org.eclipse.jetty.server.handler.ContextHandler.doStart(ContextHandler.java:772) ~[jetty-server-9.3.7.v20160115.jar:9.3.7.v20160115]
	at org.eclipse.jetty.servlet.ServletContextHandler.doStart(ServletContextHandler.java:263) ~[jetty-servlet-9.3.7.v20160115.jar:9.3.7.v20160115]
	at org.eclipse.jetty.webapp.WebAppContext.doStart(WebAppContext.java:517) ~[jetty-webapp-9.3.7.v20160115.jar:9.3.7.v20160115]
	at org.eclipse.jetty.util.component.AbstractLifeCycle.start(AbstractLifeCycle.java:68) ~[jetty-util-9.3.7.v20160115.jar:9.3.7.v20160115]
	at org.eclipse.jetty.util.component.ContainerLifeCycle.start(ContainerLifeCycle.java:132) ~[jetty-util-9.3.7.v20160115.jar:9.3.7.v20160115]
	at org.eclipse.jetty.server.Server.start(Server.java:405) ~[jetty-server-9.3.7.v20160115.jar:9.3.7.v20160115]
	at org.eclipse.jetty.util.component.ContainerLifeCycle.doStart(ContainerLifeCycle.java:106) ~[jetty-util-9.3.7.v20160115.jar:9.3.7.v20160115]
	at org.eclipse.jetty.server.handler.AbstractHandler.doStart(AbstractHandler.java:61) ~[jetty-server-9.3.7.v20160115.jar:9.3.7.v20160115]
	at org.eclipse.jetty.server.Server.doStart(Server.java:372) ~[jetty-server-9.3.7.v20160115.jar:9.3.7.v20160115]
	at org.eclipse.jetty.util.component.AbstractLifeCycle.start(AbstractLifeCycle.java:68) ~[jetty-util-9.3.7.v20160115.jar:9.3.7.v20160115]
	at com.github.dapeng.impl.plugins.ApiDocPlugin$1.run(ApiDocPlugin.java:68) ~[dapeng-container-impl-2.2.0-SNAPSHOT.jar:na]
Caused by: javax.xml.bind.UnmarshalException: null
	at javax.xml.bind.helpers.AbstractUnmarshallerImpl.createUnmarshalException(AbstractUnmarshallerImpl.java:335) ~[na:1.8.0_181]
	at com.sun.xml.internal.bind.v2.runtime.unmarshaller.UnmarshallerImpl.createUnmarshalException(UnmarshallerImpl.java:563) ~[na:1.8.0_181]
	at com.sun.xml.internal.bind.v2.runtime.unmarshaller.UnmarshallerImpl.unmarshal0(UnmarshallerImpl.java:249) ~[na:1.8.0_181]
	at com.sun.xml.internal.bind.v2.runtime.unmarshaller.UnmarshallerImpl.unmarshal(UnmarshallerImpl.java:221) ~[na:1.8.0_181]
	at com.sun.xml.internal.bind.v2.runtime.unmarshaller.UnmarshallerImpl.unmarshal(UnmarshallerImpl.java:276) ~[na:1.8.0_181]
	at javax.xml.bind.JAXB.unmarshal(JAXB.java:242) ~[na:1.8.0_181]
	... 56 common frames omitted
Caused by: org.xml.sax.SAXParseException: 文件提前结束。
	at com.sun.org.apache.xerces.internal.util.ErrorHandlerWrapper.createSAXParseException(ErrorHandlerWrapper.java:203) ~[na:1.8.0_181]
	at com.sun.org.apache.xerces.internal.util.ErrorHandlerWrapper.fatalError(ErrorHandlerWrapper.java:177) ~[na:1.8.0_181]
	at com.sun.org.apache.xerces.internal.impl.XMLErrorReporter.reportError(XMLErrorReporter.java:400) ~[na:1.8.0_181]
	at com.sun.org.apache.xerces.internal.impl.XMLErrorReporter.reportError(XMLErrorReporter.java:327) ~[na:1.8.0_181]
	at com.sun.org.apache.xerces.internal.impl.XMLScanner.reportFatalError(XMLScanner.java:1472) ~[na:1.8.0_181]
	at com.sun.org.apache.xerces.internal.impl.XMLDocumentScannerImpl$PrologDriver.next(XMLDocumentScannerImpl.java:1014) ~[na:1.8.0_181]
	at com.sun.org.apache.xerces.internal.impl.XMLDocumentScannerImpl.next(XMLDocumentScannerImpl.java:602) ~[na:1.8.0_181]
	at com.sun.org.apache.xerces.internal.impl.XMLNSDocumentScannerImpl.next(XMLNSDocumentScannerImpl.java:112) ~[na:1.8.0_181]
	at com.sun.org.apache.xerces.internal.impl.XMLDocumentFragmentScannerImpl.scanDocument(XMLDocumentFragmentScannerImpl.java:505) ~[na:1.8.0_181]
	at com.sun.org.apache.xerces.internal.parsers.XML11Configuration.parse(XML11Configuration.java:842) ~[na:1.8.0_181]
	at com.sun.org.apache.xerces.internal.parsers.XML11Configuration.parse(XML11Configuration.java:771) ~[na:1.8.0_181]
	at com.sun.org.apache.xerces.internal.parsers.XMLParser.parse(XMLParser.java:141) ~[na:1.8.0_181]
	at com.sun.org.apache.xerces.internal.parsers.AbstractSAXParser.parse(AbstractSAXParser.java:1213) ~[na:1.8.0_181]
	at com.sun.org.apache.xerces.internal.jaxp.SAXParserImpl$JAXPSAXParser.parse(SAXParserImpl.java:643) ~[na:1.8.0_181]
	at com.sun.xml.internal.bind.v2.runtime.unmarshaller.UnmarshallerImpl.unmarshal0(UnmarshallerImpl.java:243) ~[na:1.8.0_181]
	... 59 common frames omitted
02-15 13:29:30 821 api-doc-thread INFO [f23b0168dc854e2b] - size of urlMapping: 0
02-15 13:29:30 980 api-doc-thread INFO [f23b0168dc854e2b] - Root WebApplicationContext initialized in 69546 ms
02-15 13:29:31 266 api-doc-thread INFO [f23b0168dc854e2b] - Initializing Spring DispatcherServlet 'appServlet'
02-15 13:29:31 266 api-doc-thread INFO [f23b0168dc854e2b] - Initializing Servlet 'appServlet'
02-15 13:29:31 282 api-doc-thread INFO [f23b0168dc854e2b] - Completed initialization in 16 ms
02-15 13:29:31 283 api-doc-thread INFO [f23b0168dc854e2b] - Started o.e.j.w.WebAppContext@3028b557{/,jar:file:/Users/maple/.m2/repository/com/github/dapeng-soa/dapeng-api-doc/2.2.0-SNAPSHOT/dapeng-api-doc-2.2.0-SNAPSHOT.jar!/webapp/,AVAILABLE}{webapp}
02-15 13:29:31 301 api-doc-thread INFO [f23b0168dc854e2b] - Started ServerConnector@759eadb0{HTTP/1.1,[http/1.1]}{0.0.0.0:9876}
02-15 13:29:31 301 api-doc-thread INFO [f23b0168dc854e2b] - Started @99664ms
02-15 13:31:14 419 RunContainerPlugin.main() INFO [] - com.github.dapeng.impl.container.DapengContainer业务线程池初始化, 是否使用线程池[coreSize:8]:true
02-15 13:31:14 424 RunContainerPlugin.main() INFO [] - DapengContainer::startup begin
02-15 13:31:14 486 RunContainerPlugin.main() INFO [] - Using default implementation for ThreadExecutor
02-15 13:31:14 489 RunContainerPlugin.main() INFO [] - Job execution threads will use class loader of thread: RunContainerPlugin.main()
02-15 13:31:14 510 RunContainerPlugin.main() INFO [] - Initialized Scheduler Signaller of type: class org.quartz.core.SchedulerSignalerImpl
02-15 13:31:14 511 RunContainerPlugin.main() INFO [] - Quartz Scheduler v.2.2.0 created.
02-15 13:31:14 513 RunContainerPlugin.main() INFO [] - RAMJobStore initialized.
02-15 13:31:14 514 RunContainerPlugin.main() INFO [] - Scheduler meta-data: Quartz Scheduler (v2.2.0) 'DefaultQuartzScheduler' with instanceId 'NON_CLUSTERED'
  Scheduler class: 'org.quartz.core.QuartzScheduler' - running locally.
  NOT STARTED.
  Currently in standby mode.
  Number of jobs executed: 0
  Using thread pool 'org.quartz.simpl.SimpleThreadPool' - with 10 threads.
  Using job-store 'org.quartz.simpl.RAMJobStore' - which does not support persistence. and is not clustered.

02-15 13:31:14 514 RunContainerPlugin.main() INFO [] - Quartz scheduler 'DefaultQuartzScheduler' initialized from default resource file in Quartz package: 'quartz.properties'
02-15 13:31:14 514 RunContainerPlugin.main() INFO [] - Quartz scheduler version: 2.2.0
02-15 13:31:14 719 RunContainerPlugin.main() INFO [] - DapengContainer::registerPlugin plugin[NettyPlugin]
02-15 13:31:14 720 RunContainerPlugin.main() INFO [] - DapengContainer::registerPlugin plugin[ZookeeperRegistryPlugin]
02-15 13:31:14 721 RunContainerPlugin.main() INFO [] - DapengContainer::registerPlugin plugin[SpringBootAppLoader]
02-15 13:31:14 721 RunContainerPlugin.main() INFO [] - DapengContainer::registerPlugin plugin[TaskSchedulePlugin]
02-15 13:31:14 722 RunContainerPlugin.main() INFO [] - DapengContainer::registerPlugin plugin[MbeanAgentPlugin]
02-15 13:31:14 725 RunContainerPlugin.main() INFO [] - DapengContainer::registerPlugin plugin[ApiDocPlugin]
02-15 13:31:14 727 RunContainerPlugin.main() WARN [] - Plugin::NettyPlugin::start
02-15 13:31:14 727 RunContainerPlugin.main() INFO [] - Bind Local Port 9090 [Netty]
02-15 13:31:14 732 RunContainerPlugin.main() INFO [] - ByteBufAllocator:pooled
02-15 13:31:14 740 RunContainerPlugin.main() WARN [] - Plugin::ZookeeperRegistryPlugin::start
